{"name": "test_CombineVerifyDelete[pyfixture0]", "status": "failed", "statusDetails": {"message": "AssertionError: assert '1001' == ('1001', 'The wrong parameter:({%s}:{%s})')", "trace": "pyfixture = ({'custid': '', 'result_format': 'json'}, (('1001', 'The wrong parameter:({%s}:{%s})'),))\n\n    @pytest.mark.combineverify\n    @pytest.mark.flaky(reruns=1,reruns_delay=5)\n    def test_CombineVerifyDelete(pyfixture):\n    \n        #请求\n        url=CombineVerify.url\n        data=pyfixture[0]\n        res=request(url=url,data=data)\n        #print(data)\n>       assert res['return_code']==pyfixture[1][0]\nE       AssertionError: assert '1001' == ('1001', 'The wrong parameter:({%s}:{%s})')\n\ntestcase\\Combine_Verify_test.py:76: AssertionError"}, "parameters": [{"name": "pyfixture", "value": "({'custid': '', 'result_format': 'json'}, (('1001', 'The wrong parameter:({%s}:{%s})'),))"}], "start": 1593757807660, "stop": 1593757807678, "uuid": "03983285-0324-485d-9b57-28e196e611da", "historyId": "23d0b3a74415a1b90718e14fe3485376", "testCaseId": "619b2fe28175bfd5b042fb46debda28f", "fullName": "testcase.Combine_Verify_test#test_CombineVerifyDelete", "labels": [{"name": "tag", "value": "flaky(reruns=1, reruns_delay=5)"}, {"name": "tag", "value": "combineverify"}, {"name": "parentSuite", "value": "testcase"}, {"name": "suite", "value": "Combine_Verify_test"}, {"name": "host", "value": "A06P-A90F12DAA"}, {"name": "thread", "value": "19348-MainThread"}, {"name": "framework", "value": "pytest"}, {"name": "language", "value": "cpython3"}, {"name": "package", "value": "testcase.Combine_Verify_test"}]}